c:\учёба\osisp\osisplab2\osisplab2\x64\debug\vc143.pdb
c:\учёба\osisp\osisplab2\osisplab2\x64\debug\vc143.idb
c:\учёба\osisp\osisplab2\osisplab2\x64\debug\osisplab2.obj
c:\учёба\osisp\osisplab2\osisplab2\x64\debug\texttablegraphics.obj
c:\учёба\osisp\osisplab2\osisplab2\x64\debug\osisplab2.res
c:\учёба\osisp\osisplab2\x64\debug\osisplab2.pdb
c:\учёба\osisp\osisplab2\osisplab2\x64\debug\osisplab2.tlog\cl.command.1.tlog
c:\учёба\osisp\osisplab2\osisplab2\x64\debug\osisplab2.tlog\cl.read.1.tlog
c:\учёба\osisp\osisplab2\osisplab2\x64\debug\osisplab2.tlog\cl.write.1.tlog
c:\учёба\osisp\osisplab2\osisplab2\x64\debug\osisplab2.tlog\link-cvtres.read.1.tlog
c:\учёба\osisp\osisplab2\osisplab2\x64\debug\osisplab2.tlog\link-cvtres.write.1.tlog
c:\учёба\osisp\osisplab2\osisplab2\x64\debug\osisplab2.tlog\link-rc.read.1.tlog
c:\учёба\osisp\osisplab2\osisplab2\x64\debug\osisplab2.tlog\link-rc.write.1.tlog
c:\учёба\osisp\osisplab2\osisplab2\x64\debug\osisplab2.tlog\link.30400-cvtres.read.1.tlog
c:\учёба\osisp\osisplab2\osisplab2\x64\debug\osisplab2.tlog\link.30400-cvtres.write.1.tlog
c:\учёба\osisp\osisplab2\osisplab2\x64\debug\osisplab2.tlog\link.30400-rc.read.1.tlog
c:\учёба\osisp\osisplab2\osisplab2\x64\debug\osisplab2.tlog\link.30400-rc.write.1.tlog
c:\учёба\osisp\osisplab2\osisplab2\x64\debug\osisplab2.tlog\link.30400.read.1.tlog
c:\учёба\osisp\osisplab2\osisplab2\x64\debug\osisplab2.tlog\link.30400.read.2.tlog
c:\учёба\osisp\osisplab2\osisplab2\x64\debug\osisplab2.tlog\link.30400.write.1.tlog
c:\учёба\osisp\osisplab2\osisplab2\x64\debug\osisplab2.tlog\link.command.1.tlog
c:\учёба\osisp\osisplab2\osisplab2\x64\debug\osisplab2.tlog\link.read.1.tlog
c:\учёба\osisp\osisplab2\osisplab2\x64\debug\osisplab2.tlog\link.read.2.tlog
c:\учёба\osisp\osisplab2\osisplab2\x64\debug\osisplab2.tlog\link.write.1.tlog
c:\учёба\osisp\osisplab2\osisplab2\x64\debug\osisplab2.tlog\rc.command.1.tlog
c:\учёба\osisp\osisplab2\osisplab2\x64\debug\osisplab2.tlog\rc.read.1.tlog
c:\учёба\osisp\osisplab2\osisplab2\x64\debug\osisplab2.tlog\rc.write.1.tlog
